<?xml version="1.0" encoding="UTF-8"?>
<testsuite xmlns:xsi="http://www.w3.org/2001/XMLSchema-instance" xsi:noNamespaceSchemaLocation="https://maven.apache.org/surefire/maven-surefire-plugin/xsd/surefire-test-report.xsd" name="org.springframework.samples.petclinic.api.boundary.web.ApiGatewayControllerTest" time="1.216" tests="2" errors="0" skipped="0" failures="0">
  <properties>
    <property name="java.specification.version" value="17"/>
    <property name="sun.jnu.encoding" value="UTF-8"/>
    <property name="java.class.path" value="/home/minyar/Downloads/spring-petclinic-microservices-master/spring-petclinic-api-gateway/target/test-classes:/home/minyar/Downloads/spring-petclinic-microservices-master/spring-petclinic-api-gateway/target/classes:/home/minyar/.m2/repository/org/springframework/boot/spring-boot-devtools/3.0.9/spring-boot-devtools-3.0.9.jar:/home/minyar/.m2/repository/org/springframework/boot/spring-boot/3.0.9/spring-boot-3.0.9.jar:/home/minyar/.m2/repository/org/springframework/spring-context/6.0.11/spring-context-6.0.11.jar:/home/minyar/.m2/repository/org/springframework/spring-aop/6.0.11/spring-aop-6.0.11.jar:/home/minyar/.m2/repository/org/springframework/spring-beans/6.0.11/spring-beans-6.0.11.jar:/home/minyar/.m2/repository/org/springframework/spring-expression/6.0.11/spring-expression-6.0.11.jar:/home/minyar/.m2/repository/org/springframework/boot/spring-boot-autoconfigure/3.0.9/spring-boot-autoconfigure-3.0.9.jar:/home/minyar/.m2/repository/org/springframework/boot/spring-boot-configuration-processor/3.0.9/spring-boot-configuration-processor-3.0.9.jar:/home/minyar/.m2/repository/org/springframework/boot/spring-boot-starter-actuator/3.0.9/spring-boot-starter-actuator-3.0.9.jar:/home/minyar/.m2/repository/org/springframework/boot/spring-boot-starter/3.0.9/spring-boot-starter-3.0.9.jar:/home/minyar/.m2/repository/org/springframework/boot/spring-boot-starter-logging/3.0.9/spring-boot-starter-logging-3.0.9.jar:/home/minyar/.m2/repository/ch/qos/logback/logback-classic/1.4.8/logback-classic-1.4.8.jar:/home/minyar/.m2/repository/ch/qos/logback/logback-core/1.4.8/logback-core-1.4.8.jar:/home/minyar/.m2/repository/org/apache/logging/log4j/log4j-to-slf4j/2.19.0/log4j-to-slf4j-2.19.0.jar:/home/minyar/.m2/repository/org/apache/logging/log4j/log4j-api/2.19.0/log4j-api-2.19.0.jar:/home/minyar/.m2/repository/org/slf4j/jul-to-slf4j/2.0.7/jul-to-slf4j-2.0.7.jar:/home/minyar/.m2/repository/jakarta/annotation/jakarta.annotation-api/2.1.1/jakarta.annotation-api-2.1.1.jar:/home/minyar/.m2/repository/org/yaml/snakeyaml/1.33/snakeyaml-1.33.jar:/home/minyar/.m2/repository/org/springframework/boot/spring-boot-actuator-autoconfigure/3.0.9/spring-boot-actuator-autoconfigure-3.0.9.jar:/home/minyar/.m2/repository/org/springframework/boot/spring-boot-actuator/3.0.9/spring-boot-actuator-3.0.9.jar:/home/minyar/.m2/repository/com/fasterxml/jackson/datatype/jackson-datatype-jsr310/2.14.3/jackson-datatype-jsr310-2.14.3.jar:/home/minyar/.m2/repository/io/micrometer/micrometer-core/1.10.9/micrometer-core-1.10.9.jar:/home/minyar/.m2/repository/org/hdrhistogram/HdrHistogram/2.1.12/HdrHistogram-2.1.12.jar:/home/minyar/.m2/repository/org/latencyutils/LatencyUtils/2.0.3/LatencyUtils-2.0.3.jar:/home/minyar/.m2/repository/org/springframework/boot/spring-boot-starter-test/3.0.9/spring-boot-starter-test-3.0.9.jar:/home/minyar/.m2/repository/org/springframework/boot/spring-boot-test/3.0.9/spring-boot-test-3.0.9.jar:/home/minyar/.m2/repository/org/springframework/boot/spring-boot-test-autoconfigure/3.0.9/spring-boot-test-autoconfigure-3.0.9.jar:/home/minyar/.m2/repository/com/jayway/jsonpath/json-path/2.7.0/json-path-2.7.0.jar:/home/minyar/.m2/repository/net/minidev/json-smart/2.4.11/json-smart-2.4.11.jar:/home/minyar/.m2/repository/net/minidev/accessors-smart/2.4.11/accessors-smart-2.4.11.jar:/home/minyar/.m2/repository/org/ow2/asm/asm/9.3/asm-9.3.jar:/home/minyar/.m2/repository/jakarta/xml/bind/jakarta.xml.bind-api/4.0.0/jakarta.xml.bind-api-4.0.0.jar:/home/minyar/.m2/repository/jakarta/activation/jakarta.activation-api/2.1.2/jakarta.activation-api-2.1.2.jar:/home/minyar/.m2/repository/org/assertj/assertj-core/3.23.1/assertj-core-3.23.1.jar:/home/minyar/.m2/repository/net/bytebuddy/byte-buddy/1.12.23/byte-buddy-1.12.23.jar:/home/minyar/.m2/repository/org/hamcrest/hamcrest/2.2/hamcrest-2.2.jar:/home/minyar/.m2/repository/org/junit/jupiter/junit-jupiter/5.9.3/junit-jupiter-5.9.3.jar:/home/minyar/.m2/repository/org/junit/jupiter/junit-jupiter-params/5.9.3/junit-jupiter-params-5.9.3.jar:/home/minyar/.m2/repository/org/mockito/mockito-core/4.8.1/mockito-core-4.8.1.jar:/home/minyar/.m2/repository/net/bytebuddy/byte-buddy-agent/1.12.23/byte-buddy-agent-1.12.23.jar:/home/minyar/.m2/repository/org/objenesis/objenesis/3.2/objenesis-3.2.jar:/home/minyar/.m2/repository/org/mockito/mockito-junit-jupiter/4.8.1/mockito-junit-jupiter-4.8.1.jar:/home/minyar/.m2/repository/org/skyscreamer/jsonassert/1.5.1/jsonassert-1.5.1.jar:/home/minyar/.m2/repository/com/vaadin/external/google/android-json/0.0.20131108.vaadin1/android-json-0.0.20131108.vaadin1.jar:/home/minyar/.m2/repository/org/springframework/spring-core/6.0.11/spring-core-6.0.11.jar:/home/minyar/.m2/repository/org/springframework/spring-jcl/6.0.11/spring-jcl-6.0.11.jar:/home/minyar/.m2/repository/org/springframework/spring-test/6.0.11/spring-test-6.0.11.jar:/home/minyar/.m2/repository/org/xmlunit/xmlunit-core/2.9.1/xmlunit-core-2.9.1.jar:/home/minyar/.m2/repository/org/springframework/cloud/spring-cloud-starter-circuitbreaker-reactor-resilience4j/3.0.3/spring-cloud-starter-circuitbreaker-reactor-resilience4j-3.0.3.jar:/home/minyar/.m2/repository/org/springframework/cloud/spring-cloud-starter/4.0.4/spring-cloud-starter-4.0.4.jar:/home/minyar/.m2/repository/org/springframework/cloud/spring-cloud-context/4.0.4/spring-cloud-context-4.0.4.jar:/home/minyar/.m2/repository/org/springframework/security/spring-security-crypto/6.0.5/spring-security-crypto-6.0.5.jar:/home/minyar/.m2/repository/org/springframework/cloud/spring-cloud-commons/4.0.4/spring-cloud-commons-4.0.4.jar:/home/minyar/.m2/repository/org/springframework/security/spring-security-rsa/1.0.12.RELEASE/spring-security-rsa-1.0.12.RELEASE.jar:/home/minyar/.m2/repository/org/bouncycastle/bcpkix-jdk18on/1.73/bcpkix-jdk18on-1.73.jar:/home/minyar/.m2/repository/org/bouncycastle/bcprov-jdk18on/1.73/bcprov-jdk18on-1.73.jar:/home/minyar/.m2/repository/org/bouncycastle/bcutil-jdk18on/1.73/bcutil-jdk18on-1.73.jar:/home/minyar/.m2/repository/org/springframework/cloud/spring-cloud-circuitbreaker-resilience4j/3.0.3/spring-cloud-circuitbreaker-resilience4j-3.0.3.jar:/home/minyar/.m2/repository/io/github/resilience4j/resilience4j-spring-boot3/2.0.2/resilience4j-spring-boot3-2.0.2.jar:/home/minyar/.m2/repository/io/github/resilience4j/resilience4j-spring6/2.0.2/resilience4j-spring6-2.0.2.jar:/home/minyar/.m2/repository/io/github/resilience4j/resilience4j-annotations/2.0.2/resilience4j-annotations-2.0.2.jar:/home/minyar/.m2/repository/io/github/resilience4j/resilience4j-consumer/2.0.2/resilience4j-consumer-2.0.2.jar:/home/minyar/.m2/repository/io/github/resilience4j/resilience4j-circularbuffer/2.0.2/resilience4j-circularbuffer-2.0.2.jar:/home/minyar/.m2/repository/io/github/resilience4j/resilience4j-framework-common/2.0.2/resilience4j-framework-common-2.0.2.jar:/home/minyar/.m2/repository/io/github/resilience4j/resilience4j-circuitbreaker/2.0.2/resilience4j-circuitbreaker-2.0.2.jar:/home/minyar/.m2/repository/io/github/resilience4j/resilience4j-core/2.0.2/resilience4j-core-2.0.2.jar:/home/minyar/.m2/repository/io/github/resilience4j/resilience4j-timelimiter/2.0.2/resilience4j-timelimiter-2.0.2.jar:/home/minyar/.m2/repository/io/github/resilience4j/resilience4j-reactor/2.0.2/resilience4j-reactor-2.0.2.jar:/home/minyar/.m2/repository/io/projectreactor/reactor-core/3.5.8/reactor-core-3.5.8.jar:/home/minyar/.m2/repository/org/reactivestreams/reactive-streams/1.0.4/reactive-streams-1.0.4.jar:/home/minyar/.m2/repository/org/springframework/cloud/spring-cloud-starter-config/4.0.4/spring-cloud-starter-config-4.0.4.jar:/home/minyar/.m2/repository/org/springframework/cloud/spring-cloud-config-client/4.0.4/spring-cloud-config-client-4.0.4.jar:/home/minyar/.m2/repository/org/springframework/spring-web/6.0.11/spring-web-6.0.11.jar:/home/minyar/.m2/repository/com/fasterxml/jackson/core/jackson-annotations/2.14.3/jackson-annotations-2.14.3.jar:/home/minyar/.m2/repository/org/apache/httpcomponents/client5/httpclient5/5.1.4/httpclient5-5.1.4.jar:/home/minyar/.m2/repository/org/apache/httpcomponents/core5/httpcore5/5.1.5/httpcore5-5.1.5.jar:/home/minyar/.m2/repository/org/apache/httpcomponents/core5/httpcore5-h2/5.1.5/httpcore5-h2-5.1.5.jar:/home/minyar/.m2/repository/commons-codec/commons-codec/1.15/commons-codec-1.15.jar:/home/minyar/.m2/repository/com/fasterxml/jackson/core/jackson-databind/2.14.3/jackson-databind-2.14.3.jar:/home/minyar/.m2/repository/org/springframework/cloud/spring-cloud-starter-netflix-eureka-client/4.0.3/spring-cloud-starter-netflix-eureka-client-4.0.3.jar:/home/minyar/.m2/repository/org/springframework/cloud/spring-cloud-netflix-eureka-client/4.0.3/spring-cloud-netflix-eureka-client-4.0.3.jar:/home/minyar/.m2/repository/com/netflix/eureka/eureka-client/2.0.1/eureka-client-2.0.1.jar:/home/minyar/.m2/repository/com/netflix/netflix-commons/netflix-eventbus/0.3.0/netflix-eventbus-0.3.0.jar:/home/minyar/.m2/repository/com/netflix/netflix-commons/netflix-infix/0.3.0/netflix-infix-0.3.0.jar:/home/minyar/.m2/repository/commons-jxpath/commons-jxpath/1.3/commons-jxpath-1.3.jar:/home/minyar/.m2/repository/joda-time/joda-time/2.3/joda-time-2.3.jar:/home/minyar/.m2/repository/org/antlr/antlr-runtime/3.4/antlr-runtime-3.4.jar:/home/minyar/.m2/repository/org/antlr/stringtemplate/3.2.1/stringtemplate-3.2.1.jar:/home/minyar/.m2/repository/antlr/antlr/2.7.7/antlr-2.7.7.jar:/home/minyar/.m2/repository/com/google/code/gson/gson/2.9.1/gson-2.9.1.jar:/home/minyar/.m2/repository/org/apache/commons/commons-math/2.2/commons-math-2.2.jar:/home/minyar/.m2/repository/com/thoughtworks/xstream/xstream/1.4.19/xstream-1.4.19.jar:/home/minyar/.m2/repository/io/github/x-stream/mxparser/1.2.2/mxparser-1.2.2.jar:/home/minyar/.m2/repository/xmlpull/xmlpull/1.1.3.1/xmlpull-1.1.3.1.jar:/home/minyar/.m2/repository/jakarta/ws/rs/jakarta.ws.rs-api/3.1.0/jakarta.ws.rs-api-3.1.0.jar:/home/minyar/.m2/repository/jakarta/inject/jakarta.inject-api/2.0.1/jakarta.inject-api-2.0.1.jar:/home/minyar/.m2/repository/com/netflix/servo/servo-core/0.12.21/servo-core-0.12.21.jar:/home/minyar/.m2/repository/com/google/guava/guava/19.0/guava-19.0.jar:/home/minyar/.m2/repository/org/apache/httpcomponents/httpclient/4.5.14/httpclient-4.5.14.jar:/home/minyar/.m2/repository/org/apache/httpcomponents/httpcore/4.4.16/httpcore-4.4.16.jar:/home/minyar/.m2/repository/commons-configuration/commons-configuration/1.10/commons-configuration-1.10.jar:/home/minyar/.m2/repository/commons-lang/commons-lang/2.6/commons-lang-2.6.jar:/home/minyar/.m2/repository/org/codehaus/jettison/jettison/1.4.0/jettison-1.4.0.jar:/home/minyar/.m2/repository/com/netflix/eureka/eureka-core/2.0.1/eureka-core-2.0.1.jar:/home/minyar/.m2/repository/jakarta/servlet/jakarta.servlet-api/6.0.0/jakarta.servlet-api-6.0.0.jar:/home/minyar/.m2/repository/com/fasterxml/woodstox/woodstox-core/6.2.1/woodstox-core-6.2.1.jar:/home/minyar/.m2/repository/org/codehaus/woodstox/stax2-api/4.2.1/stax2-api-4.2.1.jar:/home/minyar/.m2/repository/org/springframework/cloud/spring-cloud-starter-loadbalancer/4.0.4/spring-cloud-starter-loadbalancer-4.0.4.jar:/home/minyar/.m2/repository/org/springframework/cloud/spring-cloud-loadbalancer/4.0.4/spring-cloud-loadbalancer-4.0.4.jar:/home/minyar/.m2/repository/org/springframework/boot/spring-boot-starter-cache/3.0.9/spring-boot-starter-cache-3.0.9.jar:/home/minyar/.m2/repository/org/springframework/spring-context-support/6.0.11/spring-context-support-6.0.11.jar:/home/minyar/.m2/repository/com/stoyanr/evictor/1.0.0/evictor-1.0.0.jar:/home/minyar/.m2/repository/org/springframework/cloud/spring-cloud-starter-gateway/4.0.7/spring-cloud-starter-gateway-4.0.7.jar:/home/minyar/.m2/repository/org/springframework/cloud/spring-cloud-gateway-server/4.0.7/spring-cloud-gateway-server-4.0.7.jar:/home/minyar/.m2/repository/org/springframework/boot/spring-boot-starter-validation/3.0.9/spring-boot-starter-validation-3.0.9.jar:/home/minyar/.m2/repository/org/apache/tomcat/embed/tomcat-embed-el/10.1.11/tomcat-embed-el-10.1.11.jar:/home/minyar/.m2/repository/org/hibernate/validator/hibernate-validator/8.0.1.Final/hibernate-validator-8.0.1.Final.jar:/home/minyar/.m2/repository/jakarta/validation/jakarta.validation-api/3.0.2/jakarta.validation-api-3.0.2.jar:/home/minyar/.m2/repository/org/jboss/logging/jboss-logging/3.5.3.Final/jboss-logging-3.5.3.Final.jar:/home/minyar/.m2/repository/com/fasterxml/classmate/1.5.1/classmate-1.5.1.jar:/home/minyar/.m2/repository/io/projectreactor/addons/reactor-extra/3.5.1/reactor-extra-3.5.1.jar:/home/minyar/.m2/repository/org/springframework/boot/spring-boot-starter-webflux/3.0.9/spring-boot-starter-webflux-3.0.9.jar:/home/minyar/.m2/repository/org/springframework/boot/spring-boot-starter-json/3.0.9/spring-boot-starter-json-3.0.9.jar:/home/minyar/.m2/repository/com/fasterxml/jackson/datatype/jackson-datatype-jdk8/2.14.3/jackson-datatype-jdk8-2.14.3.jar:/home/minyar/.m2/repository/com/fasterxml/jackson/module/jackson-module-parameter-names/2.14.3/jackson-module-parameter-names-2.14.3.jar:/home/minyar/.m2/repository/org/springframework/boot/spring-boot-starter-reactor-netty/3.0.9/spring-boot-starter-reactor-netty-3.0.9.jar:/home/minyar/.m2/repository/io/projectreactor/netty/reactor-netty-http/1.1.9/reactor-netty-http-1.1.9.jar:/home/minyar/.m2/repository/io/netty/netty-codec-http/4.1.94.Final/netty-codec-http-4.1.94.Final.jar:/home/minyar/.m2/repository/io/netty/netty-common/4.1.94.Final/netty-common-4.1.94.Final.jar:/home/minyar/.m2/repository/io/netty/netty-buffer/4.1.94.Final/netty-buffer-4.1.94.Final.jar:/home/minyar/.m2/repository/io/netty/netty-transport/4.1.94.Final/netty-transport-4.1.94.Final.jar:/home/minyar/.m2/repository/io/netty/netty-codec/4.1.94.Final/netty-codec-4.1.94.Final.jar:/home/minyar/.m2/repository/io/netty/netty-handler/4.1.94.Final/netty-handler-4.1.94.Final.jar:/home/minyar/.m2/repository/io/netty/netty-codec-http2/4.1.94.Final/netty-codec-http2-4.1.94.Final.jar:/home/minyar/.m2/repository/io/netty/netty-resolver-dns/4.1.94.Final/netty-resolver-dns-4.1.94.Final.jar:/home/minyar/.m2/repository/io/netty/netty-resolver/4.1.94.Final/netty-resolver-4.1.94.Final.jar:/home/minyar/.m2/repository/io/netty/netty-codec-dns/4.1.94.Final/netty-codec-dns-4.1.94.Final.jar:/home/minyar/.m2/repository/io/netty/netty-resolver-dns-native-macos/4.1.94.Final/netty-resolver-dns-native-macos-4.1.94.Final-osx-x86_64.jar:/home/minyar/.m2/repository/io/netty/netty-resolver-dns-classes-macos/4.1.94.Final/netty-resolver-dns-classes-macos-4.1.94.Final.jar:/home/minyar/.m2/repository/io/netty/netty-transport-native-epoll/4.1.94.Final/netty-transport-native-epoll-4.1.94.Final-linux-x86_64.jar:/home/minyar/.m2/repository/io/netty/netty-transport-native-unix-common/4.1.94.Final/netty-transport-native-unix-common-4.1.94.Final.jar:/home/minyar/.m2/repository/io/netty/netty-transport-classes-epoll/4.1.94.Final/netty-transport-classes-epoll-4.1.94.Final.jar:/home/minyar/.m2/repository/io/projectreactor/netty/reactor-netty-core/1.1.9/reactor-netty-core-1.1.9.jar:/home/minyar/.m2/repository/io/netty/netty-handler-proxy/4.1.94.Final/netty-handler-proxy-4.1.94.Final.jar:/home/minyar/.m2/repository/io/netty/netty-codec-socks/4.1.94.Final/netty-codec-socks-4.1.94.Final.jar:/home/minyar/.m2/repository/org/springframework/spring-webflux/6.0.11/spring-webflux-6.0.11.jar:/home/minyar/.m2/repository/org/jolokia/jolokia-core/1.7.1/jolokia-core-1.7.1.jar:/home/minyar/.m2/repository/com/googlecode/json-simple/json-simple/1.1.1/json-simple-1.1.1.jar:/home/minyar/.m2/repository/org/projectlombok/lombok/1.18.30/lombok-1.18.30.jar:/home/minyar/.m2/repository/io/micrometer/micrometer-registry-prometheus/1.10.9/micrometer-registry-prometheus-1.10.9.jar:/home/minyar/.m2/repository/io/prometheus/simpleclient_common/0.16.0/simpleclient_common-0.16.0.jar:/home/minyar/.m2/repository/io/prometheus/simpleclient/0.16.0/simpleclient-0.16.0.jar:/home/minyar/.m2/repository/io/prometheus/simpleclient_tracer_otel/0.16.0/simpleclient_tracer_otel-0.16.0.jar:/home/minyar/.m2/repository/io/prometheus/simpleclient_tracer_common/0.16.0/simpleclient_tracer_common-0.16.0.jar:/home/minyar/.m2/repository/io/prometheus/simpleclient_tracer_otel_agent/0.16.0/simpleclient_tracer_otel_agent-0.16.0.jar:/home/minyar/.m2/repository/io/github/resilience4j/resilience4j-micrometer/2.0.2/resilience4j-micrometer-2.0.2.jar:/home/minyar/.m2/repository/org/slf4j/slf4j-api/2.0.7/slf4j-api-2.0.7.jar:/home/minyar/.m2/repository/io/github/resilience4j/resilience4j-bulkhead/2.0.2/resilience4j-bulkhead-2.0.2.jar:/home/minyar/.m2/repository/io/github/resilience4j/resilience4j-retry/2.0.2/resilience4j-retry-2.0.2.jar:/home/minyar/.m2/repository/io/github/resilience4j/resilience4j-ratelimiter/2.0.2/resilience4j-ratelimiter-2.0.2.jar:/home/minyar/.m2/repository/io/opentelemetry/opentelemetry-exporter-zipkin/1.19.0/opentelemetry-exporter-zipkin-1.19.0.jar:/home/minyar/.m2/repository/io/opentelemetry/opentelemetry-sdk/1.19.0/opentelemetry-sdk-1.19.0.jar:/home/minyar/.m2/repository/io/opentelemetry/opentelemetry-api/1.19.0/opentelemetry-api-1.19.0.jar:/home/minyar/.m2/repository/io/opentelemetry/opentelemetry-context/1.19.0/opentelemetry-context-1.19.0.jar:/home/minyar/.m2/repository/io/opentelemetry/opentelemetry-sdk-common/1.19.0/opentelemetry-sdk-common-1.19.0.jar:/home/minyar/.m2/repository/io/opentelemetry/opentelemetry-sdk-trace/1.19.0/opentelemetry-sdk-trace-1.19.0.jar:/home/minyar/.m2/repository/io/opentelemetry/opentelemetry-sdk-metrics/1.19.0/opentelemetry-sdk-metrics-1.19.0.jar:/home/minyar/.m2/repository/io/opentelemetry/opentelemetry-sdk-logs/1.19.0-alpha/opentelemetry-sdk-logs-1.19.0-alpha.jar:/home/minyar/.m2/repository/io/opentelemetry/opentelemetry-api-logs/1.19.0-alpha/opentelemetry-api-logs-1.19.0-alpha.jar:/home/minyar/.m2/repository/io/zipkin/reporter2/zipkin-reporter/2.16.3/zipkin-reporter-2.16.3.jar:/home/minyar/.m2/repository/io/zipkin/zipkin2/zipkin/2.23.2/zipkin-2.23.2.jar:/home/minyar/.m2/repository/io/opentelemetry/opentelemetry-exporter-common/1.19.0/opentelemetry-exporter-common-1.19.0.jar:/home/minyar/.m2/repository/io/opentelemetry/opentelemetry-semconv/1.19.0-alpha/opentelemetry-semconv-1.19.0-alpha.jar:/home/minyar/.m2/repository/io/zipkin/reporter2/zipkin-sender-okhttp3/2.16.3/zipkin-sender-okhttp3-2.16.3.jar:/home/minyar/.m2/repository/io/micrometer/micrometer-observation/1.10.9/micrometer-observation-1.10.9.jar:/home/minyar/.m2/repository/io/micrometer/micrometer-commons/1.10.9/micrometer-commons-1.10.9.jar:/home/minyar/.m2/repository/io/micrometer/micrometer-tracing-bridge-brave/1.0.8/micrometer-tracing-bridge-brave-1.0.8.jar:/home/minyar/.m2/repository/io/micrometer/micrometer-tracing/1.0.8/micrometer-tracing-1.0.8.jar:/home/minyar/.m2/repository/io/micrometer/context-propagation/1.0.4/context-propagation-1.0.4.jar:/home/minyar/.m2/repository/aopalliance/aopalliance/1.0/aopalliance-1.0.jar:/home/minyar/.m2/repository/io/zipkin/brave/brave/5.14.1/brave-5.14.1.jar:/home/minyar/.m2/repository/io/zipkin/brave/brave-context-slf4j/5.14.1/brave-context-slf4j-5.14.1.jar:/home/minyar/.m2/repository/io/zipkin/brave/brave-instrumentation-http/5.14.1/brave-instrumentation-http-5.14.1.jar:/home/minyar/.m2/repository/io/zipkin/aws/brave-propagation-aws/0.23.4/brave-propagation-aws-0.23.4.jar:/home/minyar/.m2/repository/io/zipkin/reporter2/zipkin-reporter-brave/2.16.3/zipkin-reporter-brave-2.16.3.jar:/home/minyar/.m2/repository/org/webjars/angularjs/1.8.2/angularjs-1.8.2.jar:/home/minyar/.m2/repository/org/webjars/jquery/3.6.0/jquery-3.6.0.jar:/home/minyar/.m2/repository/org/webjars/bootstrap/3.3.7-1/bootstrap-3.3.7-1.jar:/home/minyar/.m2/repository/org/webjars/angular-ui-router/1.0.20/angular-ui-router-1.0.20.jar:/home/minyar/.m2/repository/org/webjars/webjars-locator-core/0.52/webjars-locator-core-0.52.jar:/home/minyar/.m2/repository/io/github/classgraph/classgraph/4.8.147/classgraph-4.8.147.jar:/home/minyar/.m2/repository/com/fasterxml/jackson/core/jackson-core/2.14.3/jackson-core-2.14.3.jar:/home/minyar/.m2/repository/org/junit/jupiter/junit-jupiter-api/5.9.3/junit-jupiter-api-5.9.3.jar:/home/minyar/.m2/repository/org/opentest4j/opentest4j/1.2.0/opentest4j-1.2.0.jar:/home/minyar/.m2/repository/org/junit/platform/junit-platform-commons/1.9.3/junit-platform-commons-1.9.3.jar:/home/minyar/.m2/repository/org/apiguardian/apiguardian-api/1.1.2/apiguardian-api-1.1.2.jar:/home/minyar/.m2/repository/org/junit/jupiter/junit-jupiter-engine/5.9.3/junit-jupiter-engine-5.9.3.jar:/home/minyar/.m2/repository/org/junit/platform/junit-platform-engine/1.9.3/junit-platform-engine-1.9.3.jar:/home/minyar/.m2/repository/com/squareup/okhttp3/mockwebserver/4.10.0/mockwebserver-4.10.0.jar:/home/minyar/.m2/repository/com/squareup/okhttp3/okhttp/4.10.0/okhttp-4.10.0.jar:/home/minyar/.m2/repository/com/squareup/okio/okio-jvm/3.0.0/okio-jvm-3.0.0.jar:/home/minyar/.m2/repository/org/jetbrains/kotlin/kotlin-stdlib-common/1.7.22/kotlin-stdlib-common-1.7.22.jar:/home/minyar/.m2/repository/org/jetbrains/kotlin/kotlin-stdlib/1.7.22/kotlin-stdlib-1.7.22.jar:/home/minyar/.m2/repository/org/jetbrains/annotations/13.0/annotations-13.0.jar:/home/minyar/.m2/repository/junit/junit/4.13.2/junit-4.13.2.jar:/home/minyar/.m2/repository/org/hamcrest/hamcrest-core/2.2/hamcrest-core-2.2.jar:/home/minyar/.m2/repository/org/jetbrains/kotlin/kotlin-stdlib-jdk8/1.7.22/kotlin-stdlib-jdk8-1.7.22.jar:/home/minyar/.m2/repository/org/jetbrains/kotlin/kotlin-stdlib-jdk7/1.7.22/kotlin-stdlib-jdk7-1.7.22.jar:"/>
    <property name="java.vm.vendor" value="Private Build"/>
    <property name="sun.arch.data.model" value="64"/>
    <property name="java.vendor.url" value="Unknown"/>
    <property name="os.name" value="Linux"/>
    <property name="java.vm.specification.version" value="17"/>
    <property name="sun.java.launcher" value="SUN_STANDARD"/>
    <property name="user.country" value="US"/>
    <property name="sun.boot.library.path" value="/usr/lib/jvm/java-17-openjdk-amd64/lib"/>
    <property name="sun.java.command" value="/home/minyar/Downloads/spring-petclinic-microservices-master/spring-petclinic-api-gateway/target/surefire/surefirebooter18237094704222181474.jar /home/minyar/Downloads/spring-petclinic-microservices-master/spring-petclinic-api-gateway/target/surefire 2023-12-22T23-03-30_568-jvmRun1 surefire15345736476886844870tmp surefire_58945526540570495436tmp"/>
    <property name="jdk.debug" value="release"/>
    <property name="surefire.test.class.path" value="/home/minyar/Downloads/spring-petclinic-microservices-master/spring-petclinic-api-gateway/target/test-classes:/home/minyar/Downloads/spring-petclinic-microservices-master/spring-petclinic-api-gateway/target/classes:/home/minyar/.m2/repository/org/springframework/boot/spring-boot-devtools/3.0.9/spring-boot-devtools-3.0.9.jar:/home/minyar/.m2/repository/org/springframework/boot/spring-boot/3.0.9/spring-boot-3.0.9.jar:/home/minyar/.m2/repository/org/springframework/spring-context/6.0.11/spring-context-6.0.11.jar:/home/minyar/.m2/repository/org/springframework/spring-aop/6.0.11/spring-aop-6.0.11.jar:/home/minyar/.m2/repository/org/springframework/spring-beans/6.0.11/spring-beans-6.0.11.jar:/home/minyar/.m2/repository/org/springframework/spring-expression/6.0.11/spring-expression-6.0.11.jar:/home/minyar/.m2/repository/org/springframework/boot/spring-boot-autoconfigure/3.0.9/spring-boot-autoconfigure-3.0.9.jar:/home/minyar/.m2/repository/org/springframework/boot/spring-boot-configuration-processor/3.0.9/spring-boot-configuration-processor-3.0.9.jar:/home/minyar/.m2/repository/org/springframework/boot/spring-boot-starter-actuator/3.0.9/spring-boot-starter-actuator-3.0.9.jar:/home/minyar/.m2/repository/org/springframework/boot/spring-boot-starter/3.0.9/spring-boot-starter-3.0.9.jar:/home/minyar/.m2/repository/org/springframework/boot/spring-boot-starter-logging/3.0.9/spring-boot-starter-logging-3.0.9.jar:/home/minyar/.m2/repository/ch/qos/logback/logback-classic/1.4.8/logback-classic-1.4.8.jar:/home/minyar/.m2/repository/ch/qos/logback/logback-core/1.4.8/logback-core-1.4.8.jar:/home/minyar/.m2/repository/org/apache/logging/log4j/log4j-to-slf4j/2.19.0/log4j-to-slf4j-2.19.0.jar:/home/minyar/.m2/repository/org/apache/logging/log4j/log4j-api/2.19.0/log4j-api-2.19.0.jar:/home/minyar/.m2/repository/org/slf4j/jul-to-slf4j/2.0.7/jul-to-slf4j-2.0.7.jar:/home/minyar/.m2/repository/jakarta/annotation/jakarta.annotation-api/2.1.1/jakarta.annotation-api-2.1.1.jar:/home/minyar/.m2/repository/org/yaml/snakeyaml/1.33/snakeyaml-1.33.jar:/home/minyar/.m2/repository/org/springframework/boot/spring-boot-actuator-autoconfigure/3.0.9/spring-boot-actuator-autoconfigure-3.0.9.jar:/home/minyar/.m2/repository/org/springframework/boot/spring-boot-actuator/3.0.9/spring-boot-actuator-3.0.9.jar:/home/minyar/.m2/repository/com/fasterxml/jackson/datatype/jackson-datatype-jsr310/2.14.3/jackson-datatype-jsr310-2.14.3.jar:/home/minyar/.m2/repository/io/micrometer/micrometer-core/1.10.9/micrometer-core-1.10.9.jar:/home/minyar/.m2/repository/org/hdrhistogram/HdrHistogram/2.1.12/HdrHistogram-2.1.12.jar:/home/minyar/.m2/repository/org/latencyutils/LatencyUtils/2.0.3/LatencyUtils-2.0.3.jar:/home/minyar/.m2/repository/org/springframework/boot/spring-boot-starter-test/3.0.9/spring-boot-starter-test-3.0.9.jar:/home/minyar/.m2/repository/org/springframework/boot/spring-boot-test/3.0.9/spring-boot-test-3.0.9.jar:/home/minyar/.m2/repository/org/springframework/boot/spring-boot-test-autoconfigure/3.0.9/spring-boot-test-autoconfigure-3.0.9.jar:/home/minyar/.m2/repository/com/jayway/jsonpath/json-path/2.7.0/json-path-2.7.0.jar:/home/minyar/.m2/repository/net/minidev/json-smart/2.4.11/json-smart-2.4.11.jar:/home/minyar/.m2/repository/net/minidev/accessors-smart/2.4.11/accessors-smart-2.4.11.jar:/home/minyar/.m2/repository/org/ow2/asm/asm/9.3/asm-9.3.jar:/home/minyar/.m2/repository/jakarta/xml/bind/jakarta.xml.bind-api/4.0.0/jakarta.xml.bind-api-4.0.0.jar:/home/minyar/.m2/repository/jakarta/activation/jakarta.activation-api/2.1.2/jakarta.activation-api-2.1.2.jar:/home/minyar/.m2/repository/org/assertj/assertj-core/3.23.1/assertj-core-3.23.1.jar:/home/minyar/.m2/repository/net/bytebuddy/byte-buddy/1.12.23/byte-buddy-1.12.23.jar:/home/minyar/.m2/repository/org/hamcrest/hamcrest/2.2/hamcrest-2.2.jar:/home/minyar/.m2/repository/org/junit/jupiter/junit-jupiter/5.9.3/junit-jupiter-5.9.3.jar:/home/minyar/.m2/repository/org/junit/jupiter/junit-jupiter-params/5.9.3/junit-jupiter-params-5.9.3.jar:/home/minyar/.m2/repository/org/mockito/mockito-core/4.8.1/mockito-core-4.8.1.jar:/home/minyar/.m2/repository/net/bytebuddy/byte-buddy-agent/1.12.23/byte-buddy-agent-1.12.23.jar:/home/minyar/.m2/repository/org/objenesis/objenesis/3.2/objenesis-3.2.jar:/home/minyar/.m2/repository/org/mockito/mockito-junit-jupiter/4.8.1/mockito-junit-jupiter-4.8.1.jar:/home/minyar/.m2/repository/org/skyscreamer/jsonassert/1.5.1/jsonassert-1.5.1.jar:/home/minyar/.m2/repository/com/vaadin/external/google/android-json/0.0.20131108.vaadin1/android-json-0.0.20131108.vaadin1.jar:/home/minyar/.m2/repository/org/springframework/spring-core/6.0.11/spring-core-6.0.11.jar:/home/minyar/.m2/repository/org/springframework/spring-jcl/6.0.11/spring-jcl-6.0.11.jar:/home/minyar/.m2/repository/org/springframework/spring-test/6.0.11/spring-test-6.0.11.jar:/home/minyar/.m2/repository/org/xmlunit/xmlunit-core/2.9.1/xmlunit-core-2.9.1.jar:/home/minyar/.m2/repository/org/springframework/cloud/spring-cloud-starter-circuitbreaker-reactor-resilience4j/3.0.3/spring-cloud-starter-circuitbreaker-reactor-resilience4j-3.0.3.jar:/home/minyar/.m2/repository/org/springframework/cloud/spring-cloud-starter/4.0.4/spring-cloud-starter-4.0.4.jar:/home/minyar/.m2/repository/org/springframework/cloud/spring-cloud-context/4.0.4/spring-cloud-context-4.0.4.jar:/home/minyar/.m2/repository/org/springframework/security/spring-security-crypto/6.0.5/spring-security-crypto-6.0.5.jar:/home/minyar/.m2/repository/org/springframework/cloud/spring-cloud-commons/4.0.4/spring-cloud-commons-4.0.4.jar:/home/minyar/.m2/repository/org/springframework/security/spring-security-rsa/1.0.12.RELEASE/spring-security-rsa-1.0.12.RELEASE.jar:/home/minyar/.m2/repository/org/bouncycastle/bcpkix-jdk18on/1.73/bcpkix-jdk18on-1.73.jar:/home/minyar/.m2/repository/org/bouncycastle/bcprov-jdk18on/1.73/bcprov-jdk18on-1.73.jar:/home/minyar/.m2/repository/org/bouncycastle/bcutil-jdk18on/1.73/bcutil-jdk18on-1.73.jar:/home/minyar/.m2/repository/org/springframework/cloud/spring-cloud-circuitbreaker-resilience4j/3.0.3/spring-cloud-circuitbreaker-resilience4j-3.0.3.jar:/home/minyar/.m2/repository/io/github/resilience4j/resilience4j-spring-boot3/2.0.2/resilience4j-spring-boot3-2.0.2.jar:/home/minyar/.m2/repository/io/github/resilience4j/resilience4j-spring6/2.0.2/resilience4j-spring6-2.0.2.jar:/home/minyar/.m2/repository/io/github/resilience4j/resilience4j-annotations/2.0.2/resilience4j-annotations-2.0.2.jar:/home/minyar/.m2/repository/io/github/resilience4j/resilience4j-consumer/2.0.2/resilience4j-consumer-2.0.2.jar:/home/minyar/.m2/repository/io/github/resilience4j/resilience4j-circularbuffer/2.0.2/resilience4j-circularbuffer-2.0.2.jar:/home/minyar/.m2/repository/io/github/resilience4j/resilience4j-framework-common/2.0.2/resilience4j-framework-common-2.0.2.jar:/home/minyar/.m2/repository/io/github/resilience4j/resilience4j-circuitbreaker/2.0.2/resilience4j-circuitbreaker-2.0.2.jar:/home/minyar/.m2/repository/io/github/resilience4j/resilience4j-core/2.0.2/resilience4j-core-2.0.2.jar:/home/minyar/.m2/repository/io/github/resilience4j/resilience4j-timelimiter/2.0.2/resilience4j-timelimiter-2.0.2.jar:/home/minyar/.m2/repository/io/github/resilience4j/resilience4j-reactor/2.0.2/resilience4j-reactor-2.0.2.jar:/home/minyar/.m2/repository/io/projectreactor/reactor-core/3.5.8/reactor-core-3.5.8.jar:/home/minyar/.m2/repository/org/reactivestreams/reactive-streams/1.0.4/reactive-streams-1.0.4.jar:/home/minyar/.m2/repository/org/springframework/cloud/spring-cloud-starter-config/4.0.4/spring-cloud-starter-config-4.0.4.jar:/home/minyar/.m2/repository/org/springframework/cloud/spring-cloud-config-client/4.0.4/spring-cloud-config-client-4.0.4.jar:/home/minyar/.m2/repository/org/springframework/spring-web/6.0.11/spring-web-6.0.11.jar:/home/minyar/.m2/repository/com/fasterxml/jackson/core/jackson-annotations/2.14.3/jackson-annotations-2.14.3.jar:/home/minyar/.m2/repository/org/apache/httpcomponents/client5/httpclient5/5.1.4/httpclient5-5.1.4.jar:/home/minyar/.m2/repository/org/apache/httpcomponents/core5/httpcore5/5.1.5/httpcore5-5.1.5.jar:/home/minyar/.m2/repository/org/apache/httpcomponents/core5/httpcore5-h2/5.1.5/httpcore5-h2-5.1.5.jar:/home/minyar/.m2/repository/commons-codec/commons-codec/1.15/commons-codec-1.15.jar:/home/minyar/.m2/repository/com/fasterxml/jackson/core/jackson-databind/2.14.3/jackson-databind-2.14.3.jar:/home/minyar/.m2/repository/org/springframework/cloud/spring-cloud-starter-netflix-eureka-client/4.0.3/spring-cloud-starter-netflix-eureka-client-4.0.3.jar:/home/minyar/.m2/repository/org/springframework/cloud/spring-cloud-netflix-eureka-client/4.0.3/spring-cloud-netflix-eureka-client-4.0.3.jar:/home/minyar/.m2/repository/com/netflix/eureka/eureka-client/2.0.1/eureka-client-2.0.1.jar:/home/minyar/.m2/repository/com/netflix/netflix-commons/netflix-eventbus/0.3.0/netflix-eventbus-0.3.0.jar:/home/minyar/.m2/repository/com/netflix/netflix-commons/netflix-infix/0.3.0/netflix-infix-0.3.0.jar:/home/minyar/.m2/repository/commons-jxpath/commons-jxpath/1.3/commons-jxpath-1.3.jar:/home/minyar/.m2/repository/joda-time/joda-time/2.3/joda-time-2.3.jar:/home/minyar/.m2/repository/org/antlr/antlr-runtime/3.4/antlr-runtime-3.4.jar:/home/minyar/.m2/repository/org/antlr/stringtemplate/3.2.1/stringtemplate-3.2.1.jar:/home/minyar/.m2/repository/antlr/antlr/2.7.7/antlr-2.7.7.jar:/home/minyar/.m2/repository/com/google/code/gson/gson/2.9.1/gson-2.9.1.jar:/home/minyar/.m2/repository/org/apache/commons/commons-math/2.2/commons-math-2.2.jar:/home/minyar/.m2/repository/com/thoughtworks/xstream/xstream/1.4.19/xstream-1.4.19.jar:/home/minyar/.m2/repository/io/github/x-stream/mxparser/1.2.2/mxparser-1.2.2.jar:/home/minyar/.m2/repository/xmlpull/xmlpull/1.1.3.1/xmlpull-1.1.3.1.jar:/home/minyar/.m2/repository/jakarta/ws/rs/jakarta.ws.rs-api/3.1.0/jakarta.ws.rs-api-3.1.0.jar:/home/minyar/.m2/repository/jakarta/inject/jakarta.inject-api/2.0.1/jakarta.inject-api-2.0.1.jar:/home/minyar/.m2/repository/com/netflix/servo/servo-core/0.12.21/servo-core-0.12.21.jar:/home/minyar/.m2/repository/com/google/guava/guava/19.0/guava-19.0.jar:/home/minyar/.m2/repository/org/apache/httpcomponents/httpclient/4.5.14/httpclient-4.5.14.jar:/home/minyar/.m2/repository/org/apache/httpcomponents/httpcore/4.4.16/httpcore-4.4.16.jar:/home/minyar/.m2/repository/commons-configuration/commons-configuration/1.10/commons-configuration-1.10.jar:/home/minyar/.m2/repository/commons-lang/commons-lang/2.6/commons-lang-2.6.jar:/home/minyar/.m2/repository/org/codehaus/jettison/jettison/1.4.0/jettison-1.4.0.jar:/home/minyar/.m2/repository/com/netflix/eureka/eureka-core/2.0.1/eureka-core-2.0.1.jar:/home/minyar/.m2/repository/jakarta/servlet/jakarta.servlet-api/6.0.0/jakarta.servlet-api-6.0.0.jar:/home/minyar/.m2/repository/com/fasterxml/woodstox/woodstox-core/6.2.1/woodstox-core-6.2.1.jar:/home/minyar/.m2/repository/org/codehaus/woodstox/stax2-api/4.2.1/stax2-api-4.2.1.jar:/home/minyar/.m2/repository/org/springframework/cloud/spring-cloud-starter-loadbalancer/4.0.4/spring-cloud-starter-loadbalancer-4.0.4.jar:/home/minyar/.m2/repository/org/springframework/cloud/spring-cloud-loadbalancer/4.0.4/spring-cloud-loadbalancer-4.0.4.jar:/home/minyar/.m2/repository/org/springframework/boot/spring-boot-starter-cache/3.0.9/spring-boot-starter-cache-3.0.9.jar:/home/minyar/.m2/repository/org/springframework/spring-context-support/6.0.11/spring-context-support-6.0.11.jar:/home/minyar/.m2/repository/com/stoyanr/evictor/1.0.0/evictor-1.0.0.jar:/home/minyar/.m2/repository/org/springframework/cloud/spring-cloud-starter-gateway/4.0.7/spring-cloud-starter-gateway-4.0.7.jar:/home/minyar/.m2/repository/org/springframework/cloud/spring-cloud-gateway-server/4.0.7/spring-cloud-gateway-server-4.0.7.jar:/home/minyar/.m2/repository/org/springframework/boot/spring-boot-starter-validation/3.0.9/spring-boot-starter-validation-3.0.9.jar:/home/minyar/.m2/repository/org/apache/tomcat/embed/tomcat-embed-el/10.1.11/tomcat-embed-el-10.1.11.jar:/home/minyar/.m2/repository/org/hibernate/validator/hibernate-validator/8.0.1.Final/hibernate-validator-8.0.1.Final.jar:/home/minyar/.m2/repository/jakarta/validation/jakarta.validation-api/3.0.2/jakarta.validation-api-3.0.2.jar:/home/minyar/.m2/repository/org/jboss/logging/jboss-logging/3.5.3.Final/jboss-logging-3.5.3.Final.jar:/home/minyar/.m2/repository/com/fasterxml/classmate/1.5.1/classmate-1.5.1.jar:/home/minyar/.m2/repository/io/projectreactor/addons/reactor-extra/3.5.1/reactor-extra-3.5.1.jar:/home/minyar/.m2/repository/org/springframework/boot/spring-boot-starter-webflux/3.0.9/spring-boot-starter-webflux-3.0.9.jar:/home/minyar/.m2/repository/org/springframework/boot/spring-boot-starter-json/3.0.9/spring-boot-starter-json-3.0.9.jar:/home/minyar/.m2/repository/com/fasterxml/jackson/datatype/jackson-datatype-jdk8/2.14.3/jackson-datatype-jdk8-2.14.3.jar:/home/minyar/.m2/repository/com/fasterxml/jackson/module/jackson-module-parameter-names/2.14.3/jackson-module-parameter-names-2.14.3.jar:/home/minyar/.m2/repository/org/springframework/boot/spring-boot-starter-reactor-netty/3.0.9/spring-boot-starter-reactor-netty-3.0.9.jar:/home/minyar/.m2/repository/io/projectreactor/netty/reactor-netty-http/1.1.9/reactor-netty-http-1.1.9.jar:/home/minyar/.m2/repository/io/netty/netty-codec-http/4.1.94.Final/netty-codec-http-4.1.94.Final.jar:/home/minyar/.m2/repository/io/netty/netty-common/4.1.94.Final/netty-common-4.1.94.Final.jar:/home/minyar/.m2/repository/io/netty/netty-buffer/4.1.94.Final/netty-buffer-4.1.94.Final.jar:/home/minyar/.m2/repository/io/netty/netty-transport/4.1.94.Final/netty-transport-4.1.94.Final.jar:/home/minyar/.m2/repository/io/netty/netty-codec/4.1.94.Final/netty-codec-4.1.94.Final.jar:/home/minyar/.m2/repository/io/netty/netty-handler/4.1.94.Final/netty-handler-4.1.94.Final.jar:/home/minyar/.m2/repository/io/netty/netty-codec-http2/4.1.94.Final/netty-codec-http2-4.1.94.Final.jar:/home/minyar/.m2/repository/io/netty/netty-resolver-dns/4.1.94.Final/netty-resolver-dns-4.1.94.Final.jar:/home/minyar/.m2/repository/io/netty/netty-resolver/4.1.94.Final/netty-resolver-4.1.94.Final.jar:/home/minyar/.m2/repository/io/netty/netty-codec-dns/4.1.94.Final/netty-codec-dns-4.1.94.Final.jar:/home/minyar/.m2/repository/io/netty/netty-resolver-dns-native-macos/4.1.94.Final/netty-resolver-dns-native-macos-4.1.94.Final-osx-x86_64.jar:/home/minyar/.m2/repository/io/netty/netty-resolver-dns-classes-macos/4.1.94.Final/netty-resolver-dns-classes-macos-4.1.94.Final.jar:/home/minyar/.m2/repository/io/netty/netty-transport-native-epoll/4.1.94.Final/netty-transport-native-epoll-4.1.94.Final-linux-x86_64.jar:/home/minyar/.m2/repository/io/netty/netty-transport-native-unix-common/4.1.94.Final/netty-transport-native-unix-common-4.1.94.Final.jar:/home/minyar/.m2/repository/io/netty/netty-transport-classes-epoll/4.1.94.Final/netty-transport-classes-epoll-4.1.94.Final.jar:/home/minyar/.m2/repository/io/projectreactor/netty/reactor-netty-core/1.1.9/reactor-netty-core-1.1.9.jar:/home/minyar/.m2/repository/io/netty/netty-handler-proxy/4.1.94.Final/netty-handler-proxy-4.1.94.Final.jar:/home/minyar/.m2/repository/io/netty/netty-codec-socks/4.1.94.Final/netty-codec-socks-4.1.94.Final.jar:/home/minyar/.m2/repository/org/springframework/spring-webflux/6.0.11/spring-webflux-6.0.11.jar:/home/minyar/.m2/repository/org/jolokia/jolokia-core/1.7.1/jolokia-core-1.7.1.jar:/home/minyar/.m2/repository/com/googlecode/json-simple/json-simple/1.1.1/json-simple-1.1.1.jar:/home/minyar/.m2/repository/org/projectlombok/lombok/1.18.30/lombok-1.18.30.jar:/home/minyar/.m2/repository/io/micrometer/micrometer-registry-prometheus/1.10.9/micrometer-registry-prometheus-1.10.9.jar:/home/minyar/.m2/repository/io/prometheus/simpleclient_common/0.16.0/simpleclient_common-0.16.0.jar:/home/minyar/.m2/repository/io/prometheus/simpleclient/0.16.0/simpleclient-0.16.0.jar:/home/minyar/.m2/repository/io/prometheus/simpleclient_tracer_otel/0.16.0/simpleclient_tracer_otel-0.16.0.jar:/home/minyar/.m2/repository/io/prometheus/simpleclient_tracer_common/0.16.0/simpleclient_tracer_common-0.16.0.jar:/home/minyar/.m2/repository/io/prometheus/simpleclient_tracer_otel_agent/0.16.0/simpleclient_tracer_otel_agent-0.16.0.jar:/home/minyar/.m2/repository/io/github/resilience4j/resilience4j-micrometer/2.0.2/resilience4j-micrometer-2.0.2.jar:/home/minyar/.m2/repository/org/slf4j/slf4j-api/2.0.7/slf4j-api-2.0.7.jar:/home/minyar/.m2/repository/io/github/resilience4j/resilience4j-bulkhead/2.0.2/resilience4j-bulkhead-2.0.2.jar:/home/minyar/.m2/repository/io/github/resilience4j/resilience4j-retry/2.0.2/resilience4j-retry-2.0.2.jar:/home/minyar/.m2/repository/io/github/resilience4j/resilience4j-ratelimiter/2.0.2/resilience4j-ratelimiter-2.0.2.jar:/home/minyar/.m2/repository/io/opentelemetry/opentelemetry-exporter-zipkin/1.19.0/opentelemetry-exporter-zipkin-1.19.0.jar:/home/minyar/.m2/repository/io/opentelemetry/opentelemetry-sdk/1.19.0/opentelemetry-sdk-1.19.0.jar:/home/minyar/.m2/repository/io/opentelemetry/opentelemetry-api/1.19.0/opentelemetry-api-1.19.0.jar:/home/minyar/.m2/repository/io/opentelemetry/opentelemetry-context/1.19.0/opentelemetry-context-1.19.0.jar:/home/minyar/.m2/repository/io/opentelemetry/opentelemetry-sdk-common/1.19.0/opentelemetry-sdk-common-1.19.0.jar:/home/minyar/.m2/repository/io/opentelemetry/opentelemetry-sdk-trace/1.19.0/opentelemetry-sdk-trace-1.19.0.jar:/home/minyar/.m2/repository/io/opentelemetry/opentelemetry-sdk-metrics/1.19.0/opentelemetry-sdk-metrics-1.19.0.jar:/home/minyar/.m2/repository/io/opentelemetry/opentelemetry-sdk-logs/1.19.0-alpha/opentelemetry-sdk-logs-1.19.0-alpha.jar:/home/minyar/.m2/repository/io/opentelemetry/opentelemetry-api-logs/1.19.0-alpha/opentelemetry-api-logs-1.19.0-alpha.jar:/home/minyar/.m2/repository/io/zipkin/reporter2/zipkin-reporter/2.16.3/zipkin-reporter-2.16.3.jar:/home/minyar/.m2/repository/io/zipkin/zipkin2/zipkin/2.23.2/zipkin-2.23.2.jar:/home/minyar/.m2/repository/io/opentelemetry/opentelemetry-exporter-common/1.19.0/opentelemetry-exporter-common-1.19.0.jar:/home/minyar/.m2/repository/io/opentelemetry/opentelemetry-semconv/1.19.0-alpha/opentelemetry-semconv-1.19.0-alpha.jar:/home/minyar/.m2/repository/io/zipkin/reporter2/zipkin-sender-okhttp3/2.16.3/zipkin-sender-okhttp3-2.16.3.jar:/home/minyar/.m2/repository/io/micrometer/micrometer-observation/1.10.9/micrometer-observation-1.10.9.jar:/home/minyar/.m2/repository/io/micrometer/micrometer-commons/1.10.9/micrometer-commons-1.10.9.jar:/home/minyar/.m2/repository/io/micrometer/micrometer-tracing-bridge-brave/1.0.8/micrometer-tracing-bridge-brave-1.0.8.jar:/home/minyar/.m2/repository/io/micrometer/micrometer-tracing/1.0.8/micrometer-tracing-1.0.8.jar:/home/minyar/.m2/repository/io/micrometer/context-propagation/1.0.4/context-propagation-1.0.4.jar:/home/minyar/.m2/repository/aopalliance/aopalliance/1.0/aopalliance-1.0.jar:/home/minyar/.m2/repository/io/zipkin/brave/brave/5.14.1/brave-5.14.1.jar:/home/minyar/.m2/repository/io/zipkin/brave/brave-context-slf4j/5.14.1/brave-context-slf4j-5.14.1.jar:/home/minyar/.m2/repository/io/zipkin/brave/brave-instrumentation-http/5.14.1/brave-instrumentation-http-5.14.1.jar:/home/minyar/.m2/repository/io/zipkin/aws/brave-propagation-aws/0.23.4/brave-propagation-aws-0.23.4.jar:/home/minyar/.m2/repository/io/zipkin/reporter2/zipkin-reporter-brave/2.16.3/zipkin-reporter-brave-2.16.3.jar:/home/minyar/.m2/repository/org/webjars/angularjs/1.8.2/angularjs-1.8.2.jar:/home/minyar/.m2/repository/org/webjars/jquery/3.6.0/jquery-3.6.0.jar:/home/minyar/.m2/repository/org/webjars/bootstrap/3.3.7-1/bootstrap-3.3.7-1.jar:/home/minyar/.m2/repository/org/webjars/angular-ui-router/1.0.20/angular-ui-router-1.0.20.jar:/home/minyar/.m2/repository/org/webjars/webjars-locator-core/0.52/webjars-locator-core-0.52.jar:/home/minyar/.m2/repository/io/github/classgraph/classgraph/4.8.147/classgraph-4.8.147.jar:/home/minyar/.m2/repository/com/fasterxml/jackson/core/jackson-core/2.14.3/jackson-core-2.14.3.jar:/home/minyar/.m2/repository/org/junit/jupiter/junit-jupiter-api/5.9.3/junit-jupiter-api-5.9.3.jar:/home/minyar/.m2/repository/org/opentest4j/opentest4j/1.2.0/opentest4j-1.2.0.jar:/home/minyar/.m2/repository/org/junit/platform/junit-platform-commons/1.9.3/junit-platform-commons-1.9.3.jar:/home/minyar/.m2/repository/org/apiguardian/apiguardian-api/1.1.2/apiguardian-api-1.1.2.jar:/home/minyar/.m2/repository/org/junit/jupiter/junit-jupiter-engine/5.9.3/junit-jupiter-engine-5.9.3.jar:/home/minyar/.m2/repository/org/junit/platform/junit-platform-engine/1.9.3/junit-platform-engine-1.9.3.jar:/home/minyar/.m2/repository/com/squareup/okhttp3/mockwebserver/4.10.0/mockwebserver-4.10.0.jar:/home/minyar/.m2/repository/com/squareup/okhttp3/okhttp/4.10.0/okhttp-4.10.0.jar:/home/minyar/.m2/repository/com/squareup/okio/okio-jvm/3.0.0/okio-jvm-3.0.0.jar:/home/minyar/.m2/repository/org/jetbrains/kotlin/kotlin-stdlib-common/1.7.22/kotlin-stdlib-common-1.7.22.jar:/home/minyar/.m2/repository/org/jetbrains/kotlin/kotlin-stdlib/1.7.22/kotlin-stdlib-1.7.22.jar:/home/minyar/.m2/repository/org/jetbrains/annotations/13.0/annotations-13.0.jar:/home/minyar/.m2/repository/junit/junit/4.13.2/junit-4.13.2.jar:/home/minyar/.m2/repository/org/hamcrest/hamcrest-core/2.2/hamcrest-core-2.2.jar:/home/minyar/.m2/repository/org/jetbrains/kotlin/kotlin-stdlib-jdk8/1.7.22/kotlin-stdlib-jdk8-1.7.22.jar:/home/minyar/.m2/repository/org/jetbrains/kotlin/kotlin-stdlib-jdk7/1.7.22/kotlin-stdlib-jdk7-1.7.22.jar:"/>
    <property name="sun.cpu.endian" value="little"/>
    <property name="user.home" value="/home/minyar"/>
    <property name="user.language" value="en"/>
    <property name="java.specification.vendor" value="Oracle Corporation"/>
    <property name="java.version.date" value="2023-10-17"/>
    <property name="java.home" value="/usr/lib/jvm/java-17-openjdk-amd64"/>
    <property name="file.separator" value="/"/>
    <property name="basedir" value="/home/minyar/Downloads/spring-petclinic-microservices-master/spring-petclinic-api-gateway"/>
    <property name="java.vm.compressedOopsMode" value="32-bit"/>
    <property name="line.separator" value="&#10;"/>
    <property name="java.vm.specification.vendor" value="Oracle Corporation"/>
    <property name="java.specification.name" value="Java Platform API Specification"/>
    <property name="surefire.real.class.path" value="/home/minyar/Downloads/spring-petclinic-microservices-master/spring-petclinic-api-gateway/target/surefire/surefirebooter18237094704222181474.jar"/>
    <property name="sun.management.compiler" value="HotSpot 64-Bit Tiered Compilers"/>
    <property name="java.runtime.version" value="17.0.9+9-Ubuntu-120.04"/>
    <property name="user.name" value="minyar"/>
    <property name="path.separator" value=":"/>
    <property name="os.version" value="5.15.0-91-generic"/>
    <property name="java.runtime.name" value="OpenJDK Runtime Environment"/>
    <property name="file.encoding" value="UTF-8"/>
    <property name="java.vm.name" value="OpenJDK 64-Bit Server VM"/>
    <property name="localRepository" value="/home/minyar/.m2/repository"/>
    <property name="java.vendor.url.bug" value="Unknown"/>
    <property name="java.io.tmpdir" value="/tmp"/>
    <property name="java.version" value="17.0.9"/>
    <property name="user.dir" value="/home/minyar/Downloads/spring-petclinic-microservices-master/spring-petclinic-api-gateway"/>
    <property name="os.arch" value="amd64"/>
    <property name="java.vm.specification.name" value="Java Virtual Machine Specification"/>
    <property name="native.encoding" value="UTF-8"/>
    <property name="java.library.path" value="/usr/java/packages/lib:/usr/lib/x86_64-linux-gnu/jni:/lib/x86_64-linux-gnu:/usr/lib/x86_64-linux-gnu:/usr/lib/jni:/lib:/usr/lib"/>
    <property name="java.vm.info" value="mixed mode, sharing"/>
    <property name="java.vendor" value="Private Build"/>
    <property name="java.vm.version" value="17.0.9+9-Ubuntu-120.04"/>
    <property name="sun.io.unicode.encoding" value="UnicodeLittle"/>
    <property name="java.class.version" value="61.0"/>
  </properties>
  <testcase name="getOwnerDetails_withServiceError" classname="org.springframework.samples.petclinic.api.boundary.web.ApiGatewayControllerTest" time="0.345"/>
  <testcase name="getOwnerDetails_withAvailableVisitsService" classname="org.springframework.samples.petclinic.api.boundary.web.ApiGatewayControllerTest" time="0.014"/>
</testsuite>